mode: set
bitshifted/fundslock-be/srv/server.go:15.20,19.63 3 0
bitshifted/fundslock-be/srv/server.go:19.63,21.17 2 0
bitshifted/fundslock-be/srv/server.go:21.17,23.4 1 0
bitshifted/fundslock-be/srv/server.go:25.2,32.32 2 0
bitshifted/fundslock-be/main.go:15.13,21.16 6 0
bitshifted/fundslock-be/main.go:21.16,23.3 1 0
bitshifted/fundslock-be/main.go:26.46,27.25 1 0
bitshifted/fundslock-be/main.go:27.25,28.28 1 0
bitshifted/fundslock-be/main.go:28.28,30.4 1 0
bitshifted/fundslock-be/main.go:32.2,32.14 1 0
bitshifted/fundslock-be/log/logger.go:15.29,16.17 1 0
bitshifted/fundslock-be/log/logger.go:16.17,22.3 2 0
bitshifted/fundslock-be/log/logger.go:22.8,27.3 1 0
bitshifted/fundslock-be/cli/cli.go:25.52,29.2 2 0
bitshifted/fundslock-be/cli/cli.go:31.50,33.2 1 0
